[debug] [2021-02-24T15:19:49.337Z] ----------------------------------------------------------------------
[debug] [2021-02-24T15:19:49.340Z] Command:       C:\Program Files\nodejs\node.exe C:\Users\emric\AppData\Roaming\npm\node_modules\firebase-tools\lib\bin\firebase.js init
[debug] [2021-02-24T15:19:49.340Z] CLI Version:   9.4.0
[debug] [2021-02-24T15:19:49.340Z] Platform:      win32
[debug] [2021-02-24T15:19:49.341Z] Node Version:  v14.13.0
[debug] [2021-02-24T15:19:49.344Z] Time:          Wed Feb 24 2021 16:19:49 GMT+0100 (West Africa Standard Time)
[debug] [2021-02-24T15:19:49.344Z] ----------------------------------------------------------------------
[debug] [2021-02-24T15:19:49.344Z] 
[debug] [2021-02-24T15:19:49.347Z] >>> [apiv2][query] GET https://firebase-public.firebaseio.com/cli.json [none]
[debug] [2021-02-24T15:19:49.373Z] > command requires scopes: ["email","openid","https://www.googleapis.com/auth/cloudplatformprojects.readonly","https://www.googleapis.com/auth/firebase","https://www.googleapis.com/auth/cloud-platform"]
[debug] [2021-02-24T15:19:49.374Z] > authorizing via signed-in user
[info] 
     ######## #### ########  ######## ########     ###     ######  ########
     ##        ##  ##     ## ##       ##     ##  ##   ##  ##       ##
     ######    ##  ########  ######   ########  #########  ######  ######
     ##        ##  ##    ##  ##       ##     ## ##     ##       ## ##
     ##       #### ##     ## ######## ########  ##     ##  ######  ########

You're about to initialize a Firebase project in this directory:

  C:\Users\emric\Desktop\work\Oyap-Web

Before we get started, keep in mind:

  * You are initializing in an existing Firebase project directory

[debug] [2021-02-24T15:19:50.528Z] <<< [apiv2][status] GET https://firebase-public.firebaseio.com/cli.json 200
[debug] [2021-02-24T15:19:50.530Z] <<< [apiv2][body] GET https://firebase-public.firebaseio.com/cli.json {"cloudBuildErrorAfter":1594252800000,"cloudBuildWarnAfter":1590019200000,"defaultNode10After":1594252800000,"minVersion":"3.0.5","node8DeploysDisabledAfter":1613390400000,"node8RuntimeDisabledAfter":1615809600000,"node8WarnAfter":1600128000000}
